  Thief Rewrite.cpp
e:\uni stuff!\2nd year\game dev 1\labs\thief rewrite\thief rewrite.cpp(328): warning C4101: 'wy': unreferenced local variable
e:\uni stuff!\2nd year\game dev 1\labs\thief rewrite\thief rewrite.cpp(328): warning C4101: 'vy': unreferenced local variable
TL-Engine2017Debug.lib(TL-Engine.obj) : warning LNK4099: PDB 'TL-Engine.pdb' was not found with 'TL-Engine2017Debug.lib(TL-Engine.obj)' or at 'E:\Uni Stuff!\2nd Year\Game Dev 1\Labs\Thief Rewrite\TL-Engine.pdb'; linking object as if no debug info
TL-Engine2017Debug.lib(Errors.obj) : warning LNK4099: PDB 'Common.pdb' was not found with 'TL-Engine2017Debug.lib(Errors.obj)' or at 'E:\Uni Stuff!\2nd Year\Game Dev 1\Labs\Thief Rewrite\Common.pdb'; linking object as if no debug info
TL-Engine2017Debug.lib(TLXSprite.obj) : warning LNK4099: PDB '3DEngine.pdb' was not found with 'TL-Engine2017Debug.lib(TLXSprite.obj)' or at 'E:\Uni Stuff!\2nd Year\Game Dev 1\Labs\Thief Rewrite\3DEngine.pdb'; linking object as if no debug info
TL-Engine2017Debug.lib(TLXSceneNode.obj) : warning LNK4099: PDB '3DEngine.pdb' was not found with 'TL-Engine2017Debug.lib(TLXSceneNode.obj)' or at 'E:\Uni Stuff!\2nd Year\Game Dev 1\Labs\Thief Rewrite\3DEngine.pdb'; linking object as if no debug info
TL-Engine2017Debug.lib(TLXModelNode.obj) : warning LNK4099: PDB '3DEngine.pdb' was not found with 'TL-Engine2017Debug.lib(TLXModelNode.obj)' or at 'E:\Uni Stuff!\2nd Year\Game Dev 1\Labs\Thief Rewrite\3DEngine.pdb'; linking object as if no debug info
TL-Engine2017Debug.lib(TLXModel.obj) : warning LNK4099: PDB '3DEngine.pdb' was not found with 'TL-Engine2017Debug.lib(TLXModel.obj)' or at 'E:\Uni Stuff!\2nd Year\Game Dev 1\Labs\Thief Rewrite\3DEngine.pdb'; linking object as if no debug info
TL-Engine2017Debug.lib(TLXMesh.obj) : warning LNK4099: PDB '3DEngine.pdb' was not found with 'TL-Engine2017Debug.lib(TLXMesh.obj)' or at 'E:\Uni Stuff!\2nd Year\Game Dev 1\Labs\Thief Rewrite\3DEngine.pdb'; linking object as if no debug info
TL-Engine2017Debug.lib(TLXLight.obj) : warning LNK4099: PDB '3DEngine.pdb' was not found with 'TL-Engine2017Debug.lib(TLXLight.obj)' or at 'E:\Uni Stuff!\2nd Year\Game Dev 1\Labs\Thief Rewrite\3DEngine.pdb'; linking object as if no debug info
TL-Engine2017Debug.lib(TLXFont.obj) : warning LNK4099: PDB '3DEngine.pdb' was not found with 'TL-Engine2017Debug.lib(TLXFont.obj)' or at 'E:\Uni Stuff!\2nd Year\Game Dev 1\Labs\Thief Rewrite\3DEngine.pdb'; linking object as if no debug info
TL-Engine2017Debug.lib(TLXEngine.obj) : warning LNK4099: PDB '3DEngine.pdb' was not found with 'TL-Engine2017Debug.lib(TLXEngine.obj)' or at 'E:\Uni Stuff!\2nd Year\Game Dev 1\Labs\Thief Rewrite\3DEngine.pdb'; linking object as if no debug info
TL-Engine2017Debug.lib(TLXCamera.obj) : warning LNK4099: PDB '3DEngine.pdb' was not found with 'TL-Engine2017Debug.lib(TLXCamera.obj)' or at 'E:\Uni Stuff!\2nd Year\Game Dev 1\Labs\Thief Rewrite\3DEngine.pdb'; linking object as if no debug info
TL-Engine2017Debug.lib(IrrlichtSceneNode.obj) : warning LNK4099: PDB '3DEngine.pdb' was not found with 'TL-Engine2017Debug.lib(IrrlichtSceneNode.obj)' or at 'E:\Uni Stuff!\2nd Year\Game Dev 1\Labs\Thief Rewrite\3DEngine.pdb'; linking object as if no debug info
TL-Engine2017Debug.lib(IrrlichtModel.obj) : warning LNK4099: PDB '3DEngine.pdb' was not found with 'TL-Engine2017Debug.lib(IrrlichtModel.obj)' or at 'E:\Uni Stuff!\2nd Year\Game Dev 1\Labs\Thief Rewrite\3DEngine.pdb'; linking object as if no debug info
TL-Engine2017Debug.lib(IrrlichtMesh.obj) : warning LNK4099: PDB '3DEngine.pdb' was not found with 'TL-Engine2017Debug.lib(IrrlichtMesh.obj)' or at 'E:\Uni Stuff!\2nd Year\Game Dev 1\Labs\Thief Rewrite\3DEngine.pdb'; linking object as if no debug info
TL-Engine2017Debug.lib(IrrlichtLight.obj) : warning LNK4099: PDB '3DEngine.pdb' was not found with 'TL-Engine2017Debug.lib(IrrlichtLight.obj)' or at 'E:\Uni Stuff!\2nd Year\Game Dev 1\Labs\Thief Rewrite\3DEngine.pdb'; linking object as if no debug info
TL-Engine2017Debug.lib(IrrlichtInput.obj) : warning LNK4099: PDB '3DEngine.pdb' was not found with 'TL-Engine2017Debug.lib(IrrlichtInput.obj)' or at 'E:\Uni Stuff!\2nd Year\Game Dev 1\Labs\Thief Rewrite\3DEngine.pdb'; linking object as if no debug info
TL-Engine2017Debug.lib(IrrlichtFont.obj) : warning LNK4099: PDB '3DEngine.pdb' was not found with 'TL-Engine2017Debug.lib(IrrlichtFont.obj)' or at 'E:\Uni Stuff!\2nd Year\Game Dev 1\Labs\Thief Rewrite\3DEngine.pdb'; linking object as if no debug info
TL-Engine2017Debug.lib(IrrlichtEngine.obj) : warning LNK4099: PDB '3DEngine.pdb' was not found with 'TL-Engine2017Debug.lib(IrrlichtEngine.obj)' or at 'E:\Uni Stuff!\2nd Year\Game Dev 1\Labs\Thief Rewrite\3DEngine.pdb'; linking object as if no debug info
TL-Engine2017Debug.lib(IrrlichtCamera.obj) : warning LNK4099: PDB '3DEngine.pdb' was not found with 'TL-Engine2017Debug.lib(IrrlichtCamera.obj)' or at 'E:\Uni Stuff!\2nd Year\Game Dev 1\Labs\Thief Rewrite\3DEngine.pdb'; linking object as if no debug info
  Thief Rewrite.vcxproj -> E:\Uni Stuff!\2nd Year\Game Dev 1\Labs\Thief Rewrite\\Thief RewriteDebug.exe
  Copying DLLs & shaders...
